0 info it worked if it ends with ok
1 verbose cli [ '/usr/bin/node', '/usr/bin/npm', 'install', 'node-googlemaps' ]
2 info using npm@1.4.28
3 info using node@v0.10.38
4 verbose node symlink /usr/bin/node
5 verbose readDependencies using package.json deps
6 verbose cache add [ 'node-googlemaps', null ]
7 verbose cache add name=undefined spec="node-googlemaps" args=["node-googlemaps",null]
8 verbose parsed url { protocol: null,
8 verbose parsed url   slashes: null,
8 verbose parsed url   auth: null,
8 verbose parsed url   host: null,
8 verbose parsed url   port: null,
8 verbose parsed url   hostname: null,
8 verbose parsed url   hash: null,
8 verbose parsed url   search: null,
8 verbose parsed url   query: null,
8 verbose parsed url   pathname: 'node-googlemaps',
8 verbose parsed url   path: 'node-googlemaps',
8 verbose parsed url   href: 'node-googlemaps' }
9 silly lockFile 21e370cb-node-googlemaps node-googlemaps
10 verbose lock node-googlemaps /home/ashwin/.npm/21e370cb-node-googlemaps.lock
11 silly lockFile 21e370cb-node-googlemaps node-googlemaps
12 silly lockFile 21e370cb-node-googlemaps node-googlemaps
13 verbose addNamed [ 'node-googlemaps', '' ]
14 verbose addNamed [ null, '*' ]
15 silly lockFile c4455cc7-node-googlemaps node-googlemaps@
16 verbose lock node-googlemaps@ /home/ashwin/.npm/c4455cc7-node-googlemaps.lock
17 silly addNameRange { name: 'node-googlemaps', range: '*', hasData: false }
18 verbose request where is /node-googlemaps
19 verbose request registry https://registry.npmjs.org/
20 verbose request id 6668d67c5c36836a
21 verbose url raw /node-googlemaps
22 verbose url resolving [ 'https://registry.npmjs.org/', './node-googlemaps' ]
23 verbose url resolved https://registry.npmjs.org/node-googlemaps
24 verbose request where is https://registry.npmjs.org/node-googlemaps
25 info trying registry request attempt 1 at 19:20:55
26 http GET https://registry.npmjs.org/node-googlemaps
27 http 404 https://registry.npmjs.org/node-googlemaps
28 silly registry.get cb [ 404,
28 silly registry.get   { 'content-type': 'application/json',
28 silly registry.get     'cache-control': 'max-age=0',
28 silly registry.get     'content-length': '2',
28 silly registry.get     'accept-ranges': 'bytes',
28 silly registry.get     date: 'Fri, 02 Oct 2015 13:50:57 GMT',
28 silly registry.get     via: '1.1 varnish',
28 silly registry.get     age: '0',
28 silly registry.get     connection: 'keep-alive',
28 silly registry.get     'x-served-by': 'cache-sin6923-SIN',
28 silly registry.get     'x-cache': 'MISS',
28 silly registry.get     'x-cache-hits': '0',
28 silly registry.get     'x-timer': 'S1443793856.130094,VS0,VE986' } ]
29 silly lockFile c4455cc7-node-googlemaps node-googlemaps@
30 silly lockFile c4455cc7-node-googlemaps node-googlemaps@
31 error 404 Not Found
31 error 404
31 error 404 'node-googlemaps' is not in the npm registry.
31 error 404 You should bug the author to publish it
31 error 404 It was specified as a dependency of 'myapp'
31 error 404
31 error 404 Maybe try 'npm search googlemaps'
31 error 404
31 error 404 Note that you can also install from a
31 error 404 tarball, folder, or http url, or git url.
32 error System Linux 3.13.0-37-generic
33 error command "/usr/bin/node" "/usr/bin/npm" "install" "node-googlemaps"
34 error cwd /home/ashwin/Documents/git_repos/namma-police/namma-police
35 error node -v v0.10.38
36 error npm -v 1.4.28
37 error code E404
38 verbose exit [ 1, true ]
